INFO:project_logger:Logging output from the Planner_Agent:
{
    "name": "Calculator Project",
    "description": "A comprehensive calculator application built with HTML, CSS, and JavaScript, providing a seamless user experience with accurate calculations and no bugs.",
    "techstack": "HTML, CSS, JavaScript",
    "features": [
        "Basic arithmetic operations (addition, subtraction, multiplication, division)",
        "Advanced mathematical functions (square root, exponentiation, logarithm)",
        "Memory functions (save, recall, clear)",
        "Error handling and validation for user input",
        "Responsive design for various screen sizes and devices"
    ],
    "files": [
        {
            "path": "index.html",
            "purpose": "Main HTML file for the calculator interface"
        },
        {
            "path": "style.css",
            "purpose": "CSS file for styling the calculator layout and design"
        },
        {
            "path": "script.js",
            "purpose": "JavaScript file for implementing calculator functionality and logic"
        }
    ]
}
INFO:project_logger:Logging output from the Architect_Agent:
{
    "implementation_steps": [
        {
            "filepath": "index.html",
            "task_description": "Create the basic HTML structure for the calculator interface, including input fields, buttons for digits and operations, and a display screen. Define variables for the input fields and display screen. This task depends on none and will be used by the script.js task for adding event listeners and functionality."
        },
        {
            "filepath": "style.css",
            "task_description": "Implement the CSS styling for the calculator layout and design, including responsive design for various screen sizes and devices. Define CSS classes for the input fields, buttons, and display screen. This task depends on the index.html task and will be used by the script.js task for rendering the styled calculator interface."
        },
        {
            "filepath": "script.js",
            "task_description": "Implement the basic arithmetic operations (addition, subtraction, multiplication, division) using JavaScript functions. Define functions for each operation, such as add(), subtract(), multiply(), and divide(). These functions will take two numbers as input and return the result. This task depends on the index.html task for the input fields and display screen, and the style.css task for rendering the styled calculator interface."
        },
        {
            "filepath": "script.js",
            "task_description": "Implement the advanced mathematical functions (square root, exponentiation, logarithm) using JavaScript functions. Define functions for each operation, such as sqrt(), exp(), and log(). These functions will take one number as input and return the result. This task depends on the previous script.js task for the basic arithmetic operations and will be used by the memory functions task."
        },
        {
            "filepath": "script.js",
            "task_description": "Implement the memory functions (save, recall, clear) using JavaScript functions. Define functions for each operation, such as save(), recall(), and clear(). These functions will use the results from the previous tasks and store them in variables for later use. This task depends on the previous script.js tasks for the basic arithmetic operations and advanced mathematical functions."
        },
        {
            "filepath": "script.js",
            "task_description": "Implement error handling and validation for user input using JavaScript functions. Define functions to check for invalid input, such as non-numeric characters, and handle errors, such as division by zero. This task depends on the previous script.js tasks for the basic arithmetic operations, advanced mathematical functions, and memory functions."
        },
        {
            "filepath": "script.js",
            "task_description": "Integrate all the previous tasks and add event listeners to the input fields and buttons. Use the functions defined in the previous tasks to perform calculations and update the display screen. This task depends on all the previous tasks and will be used to render the final calculator application."
        }
    ]
}
DEBUG:project_logger:Starting coder_agent function.
INFO:project_logger:Initializing CoderState.
INFO:project_logger:The coder agent is executing step: 1 of 7
DEBUG:project_logger:Successfully read existing content from index.html
INFO:project_logger:The agent is now editing the file: index.html
DEBUG:project_logger:Invoking the React agent with the prepared prompts.
INFO:project_logger:React agent invocation complete. Updating state.
DEBUG:project_logger:Incremented step index to 1
DEBUG:project_logger:Starting coder_agent function.
INFO:project_logger:The coder agent is executing step: 2 of 7
DEBUG:project_logger:Successfully read existing content from style.css
INFO:project_logger:The agent is now editing the file: style.css
DEBUG:project_logger:Invoking the React agent with the prepared prompts.
INFO:project_logger:React agent invocation complete. Updating state.
DEBUG:project_logger:Incremented step index to 2
DEBUG:project_logger:Starting coder_agent function.
INFO:project_logger:The coder agent is executing step: 3 of 7
DEBUG:project_logger:Successfully read existing content from script.js
INFO:project_logger:The agent is now editing the file: script.js
DEBUG:project_logger:Invoking the React agent with the prepared prompts.
INFO:project_logger:React agent invocation complete. Updating state.
DEBUG:project_logger:Incremented step index to 3
DEBUG:project_logger:Starting coder_agent function.
INFO:project_logger:The coder agent is executing step: 4 of 7
DEBUG:project_logger:Successfully read existing content from script.js
INFO:project_logger:The agent is now editing the file: script.js
DEBUG:project_logger:Invoking the React agent with the prepared prompts.
INFO:project_logger:React agent invocation complete. Updating state.
DEBUG:project_logger:Incremented step index to 4
DEBUG:project_logger:Starting coder_agent function.
INFO:project_logger:The coder agent is executing step: 5 of 7
DEBUG:project_logger:Successfully read existing content from script.js
INFO:project_logger:The agent is now editing the file: script.js
DEBUG:project_logger:Invoking the React agent with the prepared prompts.
INFO:project_logger:React agent invocation complete. Updating state.
DEBUG:project_logger:Incremented step index to 5
DEBUG:project_logger:Starting coder_agent function.
INFO:project_logger:The coder agent is executing step: 6 of 7
DEBUG:project_logger:Successfully read existing content from script.js
INFO:project_logger:The agent is now editing the file: script.js
DEBUG:project_logger:Invoking the React agent with the prepared prompts.
INFO:project_logger:React agent invocation complete. Updating state.
DEBUG:project_logger:Incremented step index to 6
DEBUG:project_logger:Starting coder_agent function.
INFO:project_logger:The coder agent is executing step: 7 of 7
DEBUG:project_logger:Successfully read existing content from script.js
INFO:project_logger:The agent is now editing the file: script.js
DEBUG:project_logger:Invoking the React agent with the prepared prompts.
INFO:project_logger:React agent invocation complete. Updating state.
DEBUG:project_logger:Incremented step index to 7
DEBUG:project_logger:Starting coder_agent function.
INFO:project_logger:All implementation steps are complete. Returning status 'DONE'.
